[    0.000000] Initializing cgroup subsys cpuset
[    0.000000] Initializing cgroup subsys cpu
[    0.000000] Initializing cgroup subsys cpuacct
[    0.000000] Linux version 4.4.0-138-generic (buildd@lcy01-amd64-006) (gcc version 5.4.0 20160609 (Ubuntu 5.4.0-6ubuntu1~16.04.10) ) #164-Ubuntu SMP Tue Oct 2 17:16:02 UTC 2018 (Ubuntu 4.4.0-138.164-generic 4.4.155)
[    0.000000] Command line: BOOT_IMAGE=/boot/vmlinuz-4.4.0-138-generic root=LABEL=cloudimg-rootfs ro console=tty1 console=ttyS0
[    0.000000] KERNEL supported cpus:
[    0.000000]   Intel GenuineIntel
[    0.000000]   AMD AuthenticAMD
[    0.000000]   Centaur CentaurHauls
[    0.000000] x86/fpu: xstate_offset[2]:  576, xstate_sizes[2]:  256
[    0.000000] x86/fpu: Supporting XSAVE feature 0x01: 'x87 floating point registers'
[    0.000000] x86/fpu: Supporting XSAVE feature 0x02: 'SSE registers'
[    0.000000] x86/fpu: Supporting XSAVE feature 0x04: 'AVX registers'
[    0.000000] x86/fpu: Enabled xstate features 0x7, context size is 832 bytes, using 'standard' format.
[    0.000000] e820: BIOS-provided physical RAM map:
[    0.000000] BIOS-e820: [mem 0x0000000000000000-0x000000000009fbff] usable
[    0.000000] BIOS-e820: [mem 0x000000000009fc00-0x000000000009ffff] reserved
[    0.000000] BIOS-e820: [mem 0x00000000000f0000-0x00000000000fffff] reserved
[    0.000000] BIOS-e820: [mem 0x0000000000100000-0x000000003ffeffff] usable
[    0.000000] BIOS-e820: [mem 0x000000003fff0000-0x000000003fffffff] ACPI data
[    0.000000] BIOS-e820: [mem 0x00000000fec00000-0x00000000fec00fff] reserved
[    0.000000] BIOS-e820: [mem 0x00000000fee00000-0x00000000fee00fff] reserved
[    0.000000] BIOS-e820: [mem 0x00000000fffc0000-0x00000000ffffffff] reserved
[    0.000000] NX (Execute Disable) protection: active
[    0.000000] SMBIOS 2.5 present.
[    0.000000] Hypervisor detected: KVM
[    0.000000] e820: last_pfn = 0x3fff0 max_arch_pfn = 0x400000000
[    0.000000] MTRR: Disabled
[    0.000000] x86/PAT: MTRRs disabled, skipping PAT initialization too.
[    0.000000] CPU MTRRs all blank - virtualized system.
[    0.000000] x86/PAT: Configuration [0-7]: WB  WT  UC- UC  WB  WT  UC- UC  
[    0.000000] found SMP MP-table at [mem 0x0009fff0-0x0009ffff] mapped at [ffff88000009fff0]
[    0.000000] Scanning 1 areas for low memory corruption
[    0.000000] RAMDISK: [mem 0x3630a000-0x3717cfff]
[    0.000000] ACPI: Early table checksum verification disabled
[    0.000000] ACPI: RSDP 0x00000000000E0000 000024 (v02 VBOX  )
[    0.000000] ACPI: XSDT 0x000000003FFF0030 00003C (v01 VBOX   VBOXXSDT 00000001 ASL  00000061)
[    0.000000] ACPI: FACP 0x000000003FFF00F0 0000F4 (v04 VBOX   VBOXFACP 00000001 ASL  00000061)
[    0.000000] ACPI: DSDT 0x000000003FFF0470 0021FF (v02 VBOX   VBOXBIOS 00000002 INTL 20100528)
[    0.000000] ACPI: FACS 0x000000003FFF0200 000040
[    0.000000] ACPI: FACS 0x000000003FFF0200 000040
[    0.000000] ACPI: APIC 0x000000003FFF0240 00005C (v02 VBOX   VBOXAPIC 00000001 ASL  00000061)
[    0.000000] ACPI: SSDT 0x000000003FFF02A0 0001CC (v01 VBOX   VBOXCPUT 00000002 INTL 20100528)
[    0.000000] No NUMA configuration found
[    0.000000] Faking a node at [mem 0x0000000000000000-0x000000003ffeffff]
[    0.000000] NODE_DATA(0) allocated [mem 0x3ffeb000-0x3ffeffff]
[    0.000000] kvm-clock: Using msrs 4b564d01 and 4b564d00
[    0.000000] kvm-clock: cpu 0, msr 0:3ffe3001, primary cpu clock
[    0.000000] kvm-clock: using sched offset of 20710483397 cycles
[    0.000000] clocksource: kvm-clock: mask: 0xffffffffffffffff max_cycles: 0x1cd42e4dffb, max_idle_ns: 881590591483 ns
[    0.000000] Zone ranges:
[    0.000000]   DMA      [mem 0x0000000000001000-0x0000000000ffffff]
[    0.000000]   DMA32    [mem 0x0000000001000000-0x000000003ffeffff]
[    0.000000]   Normal   empty
[    0.000000]   Device   empty
[    0.000000] Movable zone start for each node
[    0.000000] Early memory node ranges
[    0.000000]   node   0: [mem 0x0000000000001000-0x000000000009efff]
[    0.000000]   node   0: [mem 0x0000000000100000-0x000000003ffeffff]
[    0.000000] Initmem setup node 0 [mem 0x0000000000001000-0x000000003ffeffff]
[    0.000000] ACPI: PM-Timer IO Port: 0x4008
[    0.000000] IOAPIC[0]: apic_id 2, version 32, address 0xfec00000, GSI 0-23
[    0.000000] ACPI: INT_SRC_OVR (bus 0 bus_irq 0 global_irq 2 dfl dfl)
[    0.000000] ACPI: INT_SRC_OVR (bus 0 bus_irq 9 global_irq 9 low level)
[    0.000000] Using ACPI (MADT) for SMP configuration information
[    0.000000] smpboot: Allowing 2 CPUs, 0 hotplug CPUs
[    0.000000] PM: Registered nosave memory: [mem 0x00000000-0x00000fff]
[    0.000000] PM: Registered nosave memory: [mem 0x0009f000-0x0009ffff]
[    0.000000] PM: Registered nosave memory: [mem 0x000a0000-0x000effff]
[    0.000000] PM: Registered nosave memory: [mem 0x000f0000-0x000fffff]
[    0.000000] e820: [mem 0x40000000-0xfebfffff] available for PCI devices
[    0.000000] Booting paravirtualized kernel on KVM
[    0.000000] clocksource: refined-jiffies: mask: 0xffffffff max_cycles: 0xffffffff, max_idle_ns: 7645519600211568 ns
[    0.000000] setup_percpu: NR_CPUS:512 nr_cpumask_bits:512 nr_cpu_ids:2 nr_node_ids:1
[    0.000000] PERCPU: Embedded 34 pages/cpu @ffff88003fc00000 s99608 r8192 d31464 u1048576
[    0.000000] PV qspinlock hash table entries: 256 (order: 0, 4096 bytes)
[    0.000000] Built 1 zonelists in Node order, mobility grouping on.  Total pages: 257912
[    0.000000] Policy zone: DMA32
[    0.000000] Kernel command line: BOOT_IMAGE=/boot/vmlinuz-4.4.0-138-generic root=LABEL=cloudimg-rootfs ro console=tty1 console=ttyS0
[    0.000000] PID hash table entries: 4096 (order: 3, 32768 bytes)
[    0.000000] Memory: 997708K/1048120K available (8563K kernel code, 1314K rwdata, 4004K rodata, 1528K init, 1316K bss, 50412K reserved, 0K cma-reserved)
[    0.000000] SLUB: HWalign=64, Order=0-3, MinObjects=0, CPUs=2, Nodes=1
[    0.000000] Kernel/User page tables isolation: enabled
[    0.000000] Hierarchical RCU implementation.
[    0.000000] 	Build-time adjustment of leaf fanout to 64.
[    0.000000] 	RCU restricting CPUs from NR_CPUS=512 to nr_cpu_ids=2.
[    0.000000] RCU: Adjusting geometry for rcu_fanout_leaf=64, nr_cpu_ids=2
[    0.000000] NR_IRQS:33024 nr_irqs:440 16
[    0.000000] Console: colour VGA+ 80x25
[    0.000000] console [tty1] enabled
[    0.000000] console [ttyS0] enabled
[    0.000000] tsc: Detected 2494.344 MHz processor
[    5.112027] Calibrating delay loop (skipped) preset value.. 4988.68 BogoMIPS (lpj=9977376)
[    5.177608] pid_max: default: 32768 minimum: 301
[    5.216051] ACPI: Core revision 20150930
[    5.255555] ACPI: 2 ACPI AML tables successfully acquired and loaded
[    5.310365] Security Framework initialized
[    5.353442] Yama: becoming mindful.
[    5.393172] AppArmor: AppArmor initialized
[    5.435762] Dentry cache hash table entries: 131072 (order: 8, 1048576 bytes)
[    5.494666] Inode-cache hash table entries: 65536 (order: 7, 524288 bytes)
[    5.542732] Mount-cache hash table entries: 2048 (order: 2, 16384 bytes)
[    5.597045] Mountpoint-cache hash table entries: 2048 (order: 2, 16384 bytes)
[    5.655004] Initializing cgroup subsys io
[    5.686928] Initializing cgroup subsys memory
[    5.723637] Initializing cgroup subsys devices
[    5.760189] Initializing cgroup subsys freezer
[    5.797277] Initializing cgroup subsys net_cls
[    5.830713] Initializing cgroup subsys perf_event
[    5.865986] Initializing cgroup subsys net_prio
[    5.918202] Initializing cgroup subsys hugetlb
[    5.951314] Initializing cgroup subsys pids
[    5.986311] mce: CPU supports 0 MCE banks
[    6.018140] Last level iTLB entries: 4KB 512, 2MB 8, 4MB 8
[    6.058557] Last level dTLB entries: 4KB 512, 2MB 32, 4MB 32, 1GB 0
[    6.105113] Spectre V2 : Mitigation: Full generic retpoline
[    6.144237] Spectre V2 : Spectre v2 mitigation: Speculation control IBPB not-supported IBRS not-supported
[    6.208664] Spectre V2 : Spectre v2 / SpectreRSB mitigation: Filling RSB on context switch
[    6.280207] Speculative Store Bypass: Vulnerable
[    6.413363] Freeing SMP alternatives memory: 32K
[    6.707733] ftrace: allocating 32278 entries in 127 pages
[    7.817033] smpboot: APIC(0) Converting physical 0 to logical package 0
[    7.862344] smpboot: Max logical packages: 1
[    7.907679] x2apic enabled
[    7.943644] Switched APIC routing to physical x2apic.
[    8.026584] ..TIMER: vector=0x30 apic1=0 pin1=2 apic2=-1 pin2=-1
[    8.179922] smpboot: CPU0: Intel(R) Core(TM) i5-3210M CPU @ 2.50GHz (family: 0x6, model: 0x3a, stepping: 0x9)
[    8.268736] Performance Events: unsupported p6 CPU model 58 no PMU driver, software events only.
[    8.349483] KVM setup paravirtual spinlock
[    8.383062] x86: Booting SMP configuration:
[    8.415460] .... node  #0, CPUs:      #1
[    8.450558] kvm-clock: cpu 1, msr 0:3ffe3041, secondary cpu clock
[    8.491660] mce: CPU supports 0 MCE banks
[    8.519115] x86: Booted up 1 node, 2 CPUs
[    8.558203] smpboot: Total of 2 processors activated (9977.37 BogoMIPS)
[    8.611034] devtmpfs: initialized
[    8.666592] evm: security.selinux
[    8.701261] evm: security.SMACK64
[    8.737100] evm: security.SMACK64EXEC
[    8.776690] evm: security.SMACK64TRANSMUTE
[    8.817754] evm: security.SMACK64MMAP
[    8.848302] evm: security.ima
[    8.882067] evm: security.capability
[    8.918275] clocksource: jiffies: mask: 0xffffffff max_cycles: 0xffffffff, max_idle_ns: 7645041785100000 ns
[    8.995851] futex hash table entries: 512 (order: 3, 32768 bytes)
[    9.039799] pinctrl core: initialized pinctrl subsystem
[    9.090424] RTC time:  0:13:15, date: 10/30/18
[    9.131652] NET: Registered protocol family 16
[    9.180153] cpuidle: using governor ladder
[    9.232552] cpuidle: using governor menu
[    9.265360] PCCT header not found.
[    9.294346] ACPI: bus type PCI registered
[    9.329715] acpiphp: ACPI Hot Plug PCI Controller Driver version: 0.5
[    9.379383] PCI: Using configuration type 1 for base access
[    9.460005] ACPI: Added _OSI(Module Device)
[    9.493339] ACPI: Added _OSI(Processor Device)
[    9.529129] ACPI: Added _OSI(3.0 _SCP Extensions)
[    9.564799] ACPI: Added _OSI(Processor Aggregator Device)
[    9.617396] ACPI: Executed 1 blocks of module-level executable AML code
[    9.693113] ACPI: Interpreter enabled
[    9.729156] ACPI: (supports S0 S5)
[    9.759106] ACPI: Using IOAPIC for interrupt routing
[    9.800715] PCI: Using host bridge windows from ACPI; if necessary, use "pci=nocrs" and report a bug
[    9.952531] ACPI: PCI Root Bridge [PCI0] (domain 0000 [bus 00-ff])
[   10.006805] acpi PNP0A03:00: _OSC: OS supports [ASPM ClockPM Segments MSI]
[   10.061364] acpi PNP0A03:00: _OSC: not requesting OS control; OS requires [ExtendedConfig ASPM ClockPM MSI]
[   10.131644] acpi PNP0A03:00: fail to add MMCONFIG information, can't access extended PCI configuration space under this bridge.
[   10.223269] PCI host bridge to bus 0000:00
[   10.256622] pci_bus 0000:00: root bus resource [io  0x0000-0x0cf7 window]
[   10.304084] pci_bus 0000:00: root bus resource [io  0x0d00-0xffff window]
[   10.351326] pci_bus 0000:00: root bus resource [mem 0x000a0000-0x000bffff window]
[   10.415637] pci_bus 0000:00: root bus resource [mem 0x40000000-0xfdffffff window]
[   10.479059] pci_bus 0000:00: root bus resource [bus 00-ff]
[   10.603385] pci 0000:00:01.1: legacy IDE quirk: reg 0x10: [io  0x01f0-0x01f7]
[   10.651792] pci 0000:00:01.1: legacy IDE quirk: reg 0x14: [io  0x03f6]
[   10.698362] pci 0000:00:01.1: legacy IDE quirk: reg 0x18: [io  0x0170-0x0177]
[   10.763335] pci 0000:00:01.1: legacy IDE quirk: reg 0x1c: [io  0x0376]
[   11.446963] pci 0000:00:07.0: quirk: [io  0x4000-0x403f] claimed by PIIX4 ACPI
[   11.511526] pci 0000:00:07.0: quirk: [io  0x4100-0x410f] claimed by PIIX4 SMB
[   11.639817] ACPI: PCI Interrupt Link [LNKA] (IRQs 5 9 10 *11)
[   11.709625] ACPI: PCI Interrupt Link [LNKB] (IRQs 5 9 *10 11)
[   11.777688] ACPI: PCI Interrupt Link [LNKC] (IRQs 5 *9 10 11)
[   11.846883] ACPI: PCI Interrupt Link [LNKD] (IRQs 5 9 10 *11)
[   11.938694] ACPI: Enabled 2 GPEs in block 00 to 07
[   11.995576] vgaarb: setting as boot device: PCI:0000:00:02.0
[   12.048014] vgaarb: device added: PCI:0000:00:02.0,decodes=io+mem,owns=io+mem,locks=none
[   12.128001] vgaarb: loaded
[   12.159321] vgaarb: bridge control possible 0000:00:02.0
[   12.214797] SCSI subsystem initialized
[   12.260179] ACPI: bus type USB registered
[   12.305242] usbcore: registered new interface driver usbfs
[   12.367937] usbcore: registered new interface driver hub
[   12.418365] usbcore: registered new device driver usb
[   12.470931] PCI: Using ACPI for IRQ routing
[   12.526904] NetLabel: Initializing
[   12.566222] NetLabel:  domain hash size = 128
[   12.613669] NetLabel:  protocols = UNLABELED CIPSOv4
[   12.675954] NetLabel:  unlabeled traffic allowed by default
[   12.733362] amd_nb: Cannot enumerate AMD northbridges
[   12.789255] clocksource: Switched to clocksource kvm-clock
[   12.892130] AppArmor: AppArmor Filesystem Enabled
[   12.937403] pnp: PnP ACPI init
[   12.984658] pnp: PnP ACPI: found 3 devices
[   13.038028] clocksource: acpi_pm: mask: 0xffffff max_cycles: 0xffffff, max_idle_ns: 2085701024 ns
[   13.126071] NET: Registered protocol family 2
[   13.168022] TCP established hash table entries: 8192 (order: 4, 65536 bytes)
[   13.224876] TCP bind hash table entries: 8192 (order: 5, 131072 bytes)
[   13.280323] TCP: Hash tables configured (established 8192 bind 8192)
[   13.342965] UDP hash table entries: 512 (order: 2, 16384 bytes)
[   13.399319] UDP-Lite hash table entries: 512 (order: 2, 16384 bytes)
[   13.461792] NET: Registered protocol family 1
[   13.507517] pci 0000:00:00.0: Limiting direct PCI/PCI transfers
[   13.561797] pci 0000:00:01.0: Activating ISA DMA hang workarounds
[   13.620112] Unpacking initramfs...
[   14.710585] Freeing initrd memory: 14796K
[   14.746529] RAPL PMU detected, API unit is 2^-32 Joules, 3 fixed counters 10737418240 ms ovfl timer
[   14.822743] hw unit of domain pp0-core 2^-0 Joules
[   14.860129] hw unit of domain package 2^-0 Joules
[   14.901784] hw unit of domain pp1-gpu 2^-0 Joules
[   14.964890] platform rtc_cmos: registered platform RTC device (no PNP device found)
[   15.025960] Scanning for low memory corruption every 60 seconds
[   15.073992] audit: initializing netlink subsys (disabled)
[   15.119418] audit: type=2000 audit(1540858413.345:1): initialized
[   15.174701] Initialise system trusted keyring
[   15.221031] HugeTLB registered 2 MB page size, pre-allocated 0 pages
[   15.275159] zbud: loaded
[   15.303352] VFS: Disk quotas dquot_6.6.0
[   15.335765] VFS: Dquot-cache hash table entries: 512 (order 0, 4096 bytes)
[   15.386893] squashfs: version 4.0 (2009/01/31) Phillip Lougher
[   15.434285] fuse init (API version 7.23)
[   15.466120] Key type big_key registered
[   15.497592] Allocating IMA MOK and blacklist keyrings.
[   15.550003] Key type asymmetric registered
[   15.587310] Asymmetric key parser 'x509' registered
[   15.628809] Block layer SCSI generic (bsg) driver version 0.4 loaded (major 249)
[   15.699077] io scheduler noop registered
[   15.743373] io scheduler deadline registered (default)
[   15.792939] io scheduler cfq registered
[   15.827943] pci_hotplug: PCI Hot Plug PCI Core version: 0.5
[   15.873528] pciehp: PCI Express Hot Plug Controller Driver version: 0.4
[   15.938163] ACPI: AC Adapter [AC] (off-line)
[   15.976225] input: Power Button as /devices/LNXSYSTM:00/LNXPWRBN:00/input/input0
[   16.038615] ACPI: Power Button [PWRF]
[   16.069547] input: Sleep Button as /devices/LNXSYSTM:00/LNXSLPBN:00/input/input1
[   16.125515] ACPI: Sleep Button [SLPF]
[   16.158471] GHES: HEST is not enabled!
[   16.171297] ACPI: Battery Slot [BAT0] (battery present)
[   16.233163] Serial: 8250/16550 driver, 32 ports, IRQ sharing enabled
[   16.400069] 00:02: ttyS0 at I/O 0x3f8 (irq = 4, base_baud = 115200) is a 16550A
[   16.466162] Linux agpgart interface v0.103
[   16.509301] loop: module loaded
[   16.548472] scsi host0: ata_piix
[   16.579032] scsi host1: ata_piix
[   16.610300] ata1: PATA max UDMA/33 cmd 0x1f0 ctl 0x3f6 bmdma 0xd000 irq 14
[   16.658033] ata2: PATA max UDMA/33 cmd 0x170 ctl 0x376 bmdma 0xd008 irq 15
[   16.710816] libphy: Fixed MDIO Bus: probed
[   16.760211] tun: Universal TUN/TAP device driver, 1.6
[   16.805333] tun: (C) 1999-2004 Max Krasnyansky <maxk@qualcomm.com>
[   16.860530] PPP generic driver version 2.4.2
[   16.905370] ehci_hcd: USB 2.0 'Enhanced' Host Controller (EHCI) Driver
[   16.958295] ehci-pci: EHCI PCI platform driver
[   16.996308] ehci-platform: EHCI generic platform driver
[   17.034693] ohci_hcd: USB 1.1 'Open' Host Controller (OHCI) Driver
[   17.082236] ohci-pci: OHCI PCI platform driver
[   17.116157] ohci-platform: OHCI generic platform driver
[   17.154282] uhci_hcd: USB Universal Host Controller Interface driver
[   17.201818] i8042: PNP: PS/2 Controller [PNP0303:PS2K,PNP0f03:PS2M] at 0x60,0x64 irq 1,12
[   17.274867] serio: i8042 KBD port at 0x60,0x64 irq 1
[   17.311681] serio: i8042 AUX port at 0x60,0x64 irq 12
[   17.350722] mousedev: PS/2 mouse device common for all mice
[   17.402370] rtc_cmos rtc_cmos: rtc core: registered rtc_cmos as rtc0
[   17.452733] input: AT Translated Set 2 keyboard as /devices/platform/i8042/serio0/input/input2
[   17.454421] rtc_cmos rtc_cmos: alarms up to one day, 114 bytes nvram
[   17.454442] i2c /dev entries driver
[   17.454782] device-mapper: uevent: version 1.0.3
[   17.566528] device-mapper: ioctl: 4.34.0-ioctl (2015-10-28) initialised: dm-devel@redhat.com
[   17.566576] ledtrig-cpu: registered to indicate activity on CPUs
[   17.568054] NET: Registered protocol family 10
[   17.568599] NET: Registered protocol family 17
[   17.568619] Key type dns_resolver registered
[   17.570067] registered taskstats version 1
[   17.570096] Loading compiled-in X.509 certificates
[   17.572261] Loaded X.509 cert 'Build time autogenerated kernel key: 9a104bc44b81e9426fe5c715e47d021d02d69eba'
[   17.572299] zswap: loaded using pool lzo/zbud
[   17.578758] Key type trusted registered
[   17.592217] Key type encrypted registered
[   17.592227] AppArmor: AppArmor sha1 policy hashing enabled
[   17.592232] ima: No TPM chip found, activating TPM-bypass!
[   17.592239] ima: Allocated hash algorithm: sha1
[   17.592263] evm: HMAC attrs: 0x1
[   17.599108]   Magic number: 6:444:204
[   17.602162] rtc_cmos rtc_cmos: setting system clock to 2018-10-30 00:13:24 UTC (1540858404)
[   17.602594] BIOS EDD facility v0.16 2004-Jun-25, 0 devices found
[   17.602595] EDD information not available.
[   18.501326] Freeing unused kernel memory: 1528K
[   18.549851] Write protecting the kernel read-only data: 14336k
[   18.593749] Freeing unused kernel memory: 1664K
[   18.630170] Freeing unused kernel memory: 92K
Loading, please wait...
starting version[   18.750444] random: udevadm: uninitialized urandom read (16 bytes read, 6 bits of entropy available)
 229
[   18.807247] random: systemd-udevd: uninitialized urandom read (16 bytes read, 6 bits of entropy available)
[   18.807413] random: systemd-udevd: uninitialized urandom read (16 bytes read, 6 bits of entropy available)
[   18.807446] random: systemd-udevd: uninitialized urandom read (16 bytes read, 6 bits of entropy available)
[   18.807701] random: systemd-udevd: uninitialized urandom read (16 bytes read, 6 bits of entropy available)
[   19.159189] random: udevadm: uninitialized urandom read (16 bytes read, 6 bits of entropy available)
[   19.263375] random: systemd-udevd: uninitialized urandom read (16 bytes read, 6 bits of entropy available)
[   19.273336] random: udevadm: uninitialized urandom read (16 bytes read, 6 bits of entropy available)
[   19.273417] random: udevadm: uninitialized urandom read (16 bytes read, 6 bits of entropy available)
[   19.274062] random: udevadm: uninitialized urandom read (16 bytes read, 6 bits of entropy available)
[   19.709006] e1000: Intel(R) PRO/1000 Network Driver - version 7.3.21-k8-NAPI
[   19.768684] e1000: Copyright (c) 1999-2006 Intel Corporation.
[   19.865391] Fusion MPT base driver 3.04.20
[   19.910538] Copyright (c) 1999-2008 LSI Corporation
[   20.031560] Fusion MPT SPI Host driver 3.04.20
[   20.149210] input: ImExPS/2 Generic Explorer Mouse as /devices/platform/i8042/serio1/input/input4
[   20.239594] AVX version of gcm_enc/dec engaged.
[   20.278213] AES CTR mode by8 optimization enabled
[   23.187191] e1000 0000:00:03.0 eth0: (PCI:33MHz:32-bit) 02:9f:4a:0a:1b:63
[   23.239585] e1000 0000:00:03.0 eth0: Intel(R) PRO/1000 Network Connection
[   23.303178] e1000 0000:00:03.0 enp0s3: renamed from eth0
[   23.303456] mptbase: ioc0: Initiating bringup
[   23.380878] ioc0: LSI53C1030 A0: Capabilities={Initiator}
[   23.588077] scsi host2: ioc0: LSI53C1030 A0, FwRev=00000000h, Ports=1, MaxQ=256, IRQ=20
[   23.766265] scsi 2:0:0:0: Direct-Access     VBOX     HARDDISK         1.0  PQ: 0 ANSI: 5
[   23.838182] scsi target2:0:0: Beginning Domain Validation
[   23.899146] scsi target2:0:0: Domain Validation skipping write tests
[   23.960241] scsi target2:0:0: Ending Domain Validation
[   23.999307] scsi target2:0:0: asynchronous
[   24.041159] scsi 2:0:1:0: Direct-Access     VBOX     HARDDISK         1.0  PQ: 0 ANSI: 5
[   24.119610] scsi target2:0:1: Beginning Domain Validation
[   24.531521] scsi target2:0:1: Domain Validation skipping write tests
[   24.576306] scsi target2:0:1: Ending Domain Validation
[   24.616805] scsi target2:0:1: asynchronous
[   24.730576] sd 2:0:0:0: Attached scsi generic sg0 type 0
[   24.731987] sd 2:0:0:0: [sda] 20971520 512-byte logical blocks: (10.7 GB/10.0 GiB)
[   24.734835] sd 2:0:0:0: [sda] Write Protect is off
[   24.735973] sd 2:0:0:0: [sda] Incomplete mode parameter data
[   24.735977] sd 2:0:0:0: [sda] Assuming drive cache: write through
[   24.745338]  sda: sda1
[   24.749735] sd 2:0:0:0: [sda] Attached SCSI disk
[   25.070482] sd 2:0:1:0: [sdb] 20480 512-byte logical blocks: (10.5 MB/10.0 MiB)
[   25.070926] sd 2:0:1:0: Attached scsi generic sg1 type 0
[   25.181060] sd 2:0:1:0: [sdb] Write Protect is off
[   25.220015] sd 2:0:1:0: [sdb] Incomplete mode parameter data
[   25.261094] sd 2:0:1:0: [sdb] Assuming drive cache: write through
[   25.320455] sd 2:0:1:0: [sdb] Attached SCSI disk
Begin: Loading essential drivers ... [   37.332293] md: linear personality registered for level -1
[   37.399823] md: multipath personality registered for level -4
[   37.464368] md: raid0 personality registered for level 0
[   37.532142] md: raid1 personality registered for level 1
[   37.661853] raid6: sse2x1   gen()  1309 MB/s
[   37.761726] raid6: sse2x1   xor()   811 MB/s
[   37.862051] raid6: sse2x2   gen()  2313 MB/s
[   37.977240] raid6: sse2x2   xor()   987 MB/s
[   38.077558] raid6: sse2x4   gen()  3828 MB/s
[   38.177863] raid6: sse2x4   xor()  2145 MB/s
[   38.212210] raid6: using algorithm sse2x4 gen() 3828 MB/s
[   38.252127] raid6: .... xor() 2145 MB/s, rmw enabled
[   38.288727] raid6: using ssse3x2 recovery algorithm
[   38.335188] xor: automatically using best checksumming function:
[   38.418027]    avx       :  8447.000 MB/sec
[   38.463196] async_tx: api initialized (async)
[   38.574082] md: raid6 personality registered for level 6
[   38.617400] md: raid5 personality registered for level 5
[   38.659071] md: raid4 personality registered for level 4
[   38.745339] md: raid10 personality registered for level 10
done.
Begin: Running /scripts/init-premount ... done.
Begin: Mounting root file system ... Begin: Running /scripts/local-top ... done.
Begin: Running /scripts/local-premount ... [   39.071577] Btrfs loaded
Scanning for Btrfs filesystems
done.
Warning: fsck not present, so skipping root file system
[   39.278845] EXT4-fs (sda1): mounted filesystem with ordered data mode. Opts: (null)
done.
Begin: Running /scripts/local-bottom ... done.
Begin: Running /scripts/init-bottom ... done.
[   39.912631] systemd[1]: systemd 229 running in system mode. (+PAM +AUDIT +SELINUX +IMA +APPARMOR +SMACK +SYSVINIT +UTMP +LIBCRYPTSETUP +GCRYPT +GNUTLS +ACL +XZ -LZ4 +SECCOMP +BLKID +ELFUTILS +KMOD -IDN)
[   40.065685] systemd[1]: Detected virtualization oracle.
[   40.111666] systemd[1]: Detected architecture x86-64.

Welcome to [1mUbuntu 16.04.5 LTS[0m!

[   40.204985] systemd[1]: Set hostname to <ubuntu>.
[   40.254920] systemd[1]: Initializing machine ID from random generator.
[   40.302248] systemd[1]: Installed transient /etc/machine-id file.
[   40.735893] random: nonblocking pool is initialized
[   40.919594] systemd[1]: Started Trigger resolvconf update for networkd DNS.
[[0;32m  OK  [0m] Started Trigger resolvconf update for networkd DNS.
[   41.037427] systemd[1]: Listening on Journal Socket.
[[0;32m  OK  [0m] Listening on Journal Socket.
[   41.128125] systemd[1]: Started Forward Password Requests to Wall Directory Watch.
[[0;32m  OK  [0m] Started Forward Password Requests to Wall Directory Watch.
[   41.264599] systemd[1]: Listening on Journal Audit Socket.
[[0;32m  OK  [0m] Listening on Journal Audit Socket.
[   41.378731] systemd[1]: Listening on LVM2 poll daemon socket.
[[0;32m  OK  [0m] Listening on LVM2 poll daemon socket.
[   41.498429] systemd[1]: Listening on udev Kernel Socket.
[[0;32m  OK  [0m] Listening on udev Kernel Socket.
[   41.586818] systemd[1]: Reached target User and Group Name Lookups.
[[0;32m  OK  [0m] Reached target User and Group Name Lookups.
[   41.697734] systemd[1]: Listening on /dev/initctl Compatibility Named Pipe.
[[0;32m  OK  [0m] Listening on /dev/initctl Compatibility Named Pipe.
[   41.817974] systemd[1]: Created slice User and Session Slice.
[[0;32m  OK  [0m] Created slice User and Session Slice.
[   41.928763] systemd[1]: Reached target System Time Synchronized.
[[0;32m  OK  [0m] Reached target System Time Synchronized.
[   42.048349] systemd[1]: Listening on Syslog Socket.
[[0;32m  OK  [0m] Listening on Syslog Socket.
[   42.134661] systemd[1]: Listening on LVM2 metadata daemon socket.
[[0;32m  OK  [0m] Listening on LVM2 metadata daemon socket.
[   42.240663] systemd[1]: Set up automount Arbitrary Executable File Formats File System Automount Point.
[[0;32m  OK  [0m] Set up automount Arbitrary Executab...ats File System Automount Point.
[   42.377347] systemd[1]: Reached target Encrypted Volumes.
[[0;32m  OK  [0m] Reached target Encrypted Volumes.
[   42.468075] systemd[1]: Reached target Swap.
[[0;32m  OK  [0m] Reached target Swap.
[   42.548138] systemd[1]: Listening on udev Control Socket.
[[0;32m  OK  [0m] Listening on udev Control Socket.
[   42.641811] systemd[1]: Created slice System Slice.
[[0;32m  OK  [0m] Created slice System Slice.
[   42.757974] systemd[1]: Starting Nameserver information manager...
         Starting Nameserver information manager...
[   42.856881] systemd[1]: Starting Load Kernel Modules...
         Starting Load Kernel Modules...[   42.951321] Loading iSCSI transport class v2.0-870.

[   42.997095] systemd[1]: Mounting Debug File System...
         Mounting Debug File System...
[   43.114440] systemd[1]: Mounting POSIX Message Queue File System...
[   43.170317] iscsi: registered transport (tcp)
         Mounting POSIX Message Queue File System...
[   43.300779] systemd[1]: Starting Set console keymap...
         Starting Set console keymap...
[   43.427372] systemd[1]: Mounting Huge Pages File System...
         Mounting Huge Pages File System...
[   43.549060] systemd[1]: Reached target Slices.
[[0;32m  OK  [0m] Reached target Slices.
[   43.642123] iscsi: registered transport (iser)
[   43.667934] systemd[1]: Created slice system-serial\x2dgetty.slice.
[[0;32m  OK  [0m] Created slice system-serial\x2dgetty.slice.
[   43.814088] systemd[1]: Starting Uncomplicated firewall...
         Starting Uncomplicated firewall...
[   43.922347] systemd[1]: Starting Create list of required static device nodes for the current kernel...
         Starting Create list of required st... nodes for the current kernel...
[   44.069704] systemd[1]: Listening on Device-mapper event daemon FIFOs.
[[0;32m  OK  [0m] Listening on Device-mapper event daemon FIFOs.
[   44.198317] systemd[1]: Starting Monitoring of LVM2 mirrors, snapshots etc. using dmeventd or progress polling...
         Starting Monitoring of LVM2 mirrors... dmeventd or progress polling...
[   44.361231] systemd[1]: Starting Remount Root and Kernel File Systems...
[   44.419923] EXT4-fs (sda1): re-mounted. Opts: (null)
         Starting Remount Root and Kernel File Systems...
[   44.489395] systemd[1]: Listening on Journal Socket (/dev/log).
[[0;32m  OK  [0m] Listening on Journal Socket (/dev/log).
[   44.594198] systemd[1]: Starting Journal Service...
         Starting Journal Service...
[   44.708822] systemd[1]: Mounted Huge Pages File System.
[[0;32m  OK  [0m] Mounted Huge Pages File System.
[   44.809792] systemd[1]: Mounted POSIX Message Queue File System.
[[0;32m  OK  [0m] Mounted POSIX Message Queue File System.
[   44.893175] systemd[1]: Mounted Debug File System.
[[0;32m  OK  [0m] Mounted Debug File System.
[   44.981315] systemd[1]: Started Journal Service.
[[0;32m  OK  [0m] Started Journal Service.
[[0;32m  OK  [0m] Started Load Kernel Modules.
[[0;32m  OK  [0m] Started Set console keymap.
[[0;32m  OK  [0m] Started Uncomplicated firewall.
[[0;32m  OK  [0m] Started Create list of required sta...ce nodes for the current kernel.
[[0;32m  OK  [0m] Started Remount Root and Kernel File Systems.
[[0;32m  OK  [0m] Started Nameserver information manager.
[[0;32m  OK  [0m] Started LVM2 metadata daemon.
         Starting Load/Save Random Seed...
         Starting udev Coldplug all Devices...
         Starting Create Static Device Nodes in /dev...
         Mounting FUSE Control File System...
         Starting Apply Kernel Variables...
         Starting Flush Journal to Persistent Storage...
[[0;32m  OK  [0m] Mounted FUSE Control File System.
[[0;32m  OK  [0m] Started Monitoring of LVM2 mirrors,...ng dmeventd or progress polling.
[[0;32m  OK  [0m] Started Load/Save Random Seed.
[[0;32m  OK  [0m] Started Create Static Device Nodes in /dev.
[[0;32m  OK  [0m] Started Apply Kernel Variables.
[[0;32m  OK  [0m] Started udev Coldplug all Devices.
[[0;32m  OK  [0m] Started Flush Journal to Persistent Storage.
         Starting udev Kernel Device Manager...
[[0;32m  OK  [0m] Started udev Kernel Device Manager.
[[0;32m  OK  [0m] Started Dispatch Password Requests to Console Directory Watch.
[[0;32m  OK  [0m] Reached target Local File Systems (Pre).
[[0;32m  OK  [0m] Reached target Local File Systems.
         Starting Tell Plymouth To Write Out Runtime Data...
         Starting Commit a transient machine-id on disk...
         Starting LSB: AppArmor initialization...
         Starting Create Volatile Files and Directories...
         Starting Set console font and keymap...
         Starting Initial cloud-init job (pre-networking)...
[[0;32m  OK  [0m] Started Tell Plymouth To Write Out Runtime Data.
[[0;32m  OK  [0m] Started Commit a transient machine-id on disk.
[[0;32m  OK  [0m] Started Create Volatile Files and Directories.
         Starting Update UTMP about System Boot/Shutdown...
[[0;32m  OK  [0m] Started Update UTMP about System Boot/Shutdown.
[[0;32m  OK  [0m] Found device /dev/ttyS0.
[   43.157564] cloud-init[498]: Cloud-init v. 18.3-9-g2e62cb8a-0ubuntu1~16.04.2 running 'init-local' at Tue, 30 Oct 2018 00:13:59 +0000. Up 41.18 seconds.
[[0;32m  OK  [0m] Started LSB: AppArmor initialization.
[[0;32m  OK  [0m] Started Initial cloud-init job (pre-networking).
[[0;32m  OK  [0m] Listening on Load/Save RF Kill Switch Status /dev/rfkill Watch.
[[0;32m  OK  [0m] Reached target Network (Pre).
         Starting Raise network interfaces...
[[0;32m  OK  [0m] Started Set console font and keymap.
[[0;32m  OK  [0m] Created slice system-getty.slice.
[[0;32m  OK  [0m] Started Raise network interfaces.
         Starting Initial cloud-init job (metadata service crawler)...
[[0;32m  OK  [0m] Reached target Network.
[   82.019985] cloud-init[931]: Cloud-init v. 18.3-9-g2e62cb8a-0ubuntu1~16.04.2 running 'init' at Tue, 30 Oct 2018 00:14:37 +0000. Up 79.77 seconds.
[   82.106198] cloud-init[931]: ci-info: ++++++++++++++++++++++++++++++++++++++Net device info++++++++++++++++++++++++++++++++++++++
[   82.182225] cloud-init[931]: ci-info: +--------+------+----------------------------+---------------+--------+-------------------+
[   82.257613] cloud-init[931]: ci-info: | Device |  Up  |          Address           |      Mask     | Scope  |     Hw-Address    |
[   82.329468] cloud-init[931]: ci-info: +--------+------+----------------------------+---------------+--------+-------------------+
[   82.400819] cloud-init[931]: ci-info: | enp0s3 | True |         10.0.2.15          | 255.255.255.0 | global | 02:9f:4a:0a:1b:63 |
[   82.477060] cloud-init[931]: ci-info: | enp0s3 | True | fe80::9f:4aff:fe0a:1b63/64 |       .       |  link  | 02:9f:4a:0a:1b:63 |
[   82.549875] cloud-init[931]: ci-info: |   lo   | True |         127.0.0.1          |   255.0.0.0   |  host  |         .         |
[   82.622926] cloud-init[931]: ci-info: |   lo   | True |          ::1/128           |       .       |  host  |         .         |
[   82.690074] cloud-init[931]: ci-info: +--------+------+----------------------------+---------------+--------+-------------------+
[   82.761695] cloud-init[931]: ci-info: +++++++++++++++++++++++++++Route IPv4 info++++++++++++++++++++++++++++
[[0;32m  OK  [0m] Started Initial cloud-init job (metadata service crawler).
[   82.818593] cloud-init[931]: ci-info: +-------+-------------+----------+---------------+-----------+-------+
[   82.940157] cloud-init[931]: ci-info: | Route | Destination | Gateway  |    Genmask    | Interface | Flags |
[[0;32m  OK  [0m] Reached target Network is Online.
[   83.001565] cloud-init[931]: ci-info: +-------+-------------+----------+---------------+-----------+-------+
[   83.100457] cloud-init[931]: ci-info: |   0   |   0.0.0.0   | 10.0.2.2 |    0.0.0.0    |   enp0s3  |   UG  |
         Starting iSCSI initiator daemon (iscsid)...
[   83.157377] cloud-init[931]: ci-info: |   1   |   10.0.2.0  | 0.0.0.0  | 255.255.255.0 |   enp0s3  |   U   |
[[   83.263230] cloud-init[931]: ci-info: +-------+-------------+----------+---------------+-----------+-------+
[   83.281522] cloud-init[931]: ci-info: +++++++++++++++++++Route IPv6 info+++++++++++++++++++
[   83.281620] cloud-init[931]: ci-info: +-------+-------------+---------+-----------+-------+
[   83.281714] cloud-init[931]: ci-info: | Route | Destination | Gateway | Interface | Flags |
[   83.358324] cloud-init[931]: ci-info: +-------+-------------+---------+-----------+-------+
[   83.410311] cloud-init[931]: ci-info: |   0   |  fe80::/64  |    ::   |   enp0s3  |   U   |
[   83.416754] cloud-init[931]: ci-info: |   4   |   ff00::/8  |    ::   |   enp0s3  |   U   |
[   83.422714] cloud-init[931]: ci-info: +-------+-------------+---------+-----------+-------+
[   83.462141] cloud-init[931]: Generating public/private rsa key pair.
[   83.489578] cloud-init[931]: Your identification has been saved in /etc/ssh/ssh_host_rsa_key.
[   83.589468] cloud-init[931]: Your public key has been saved in /etc/ssh/ssh_host_rsa_key.pub.
[   83.595773] cloud-init[931]: The key fingerprint is:
[   83.602315] cloud-init[931]: SHA256:eP8bylvARvA9Lux61yq8PTEnMTWrgjDo3Txqwkuqjp4 root@ubuntu-xenial
[   83.608892] cloud-init[931]: The key's randomart image is:
[   83.670347] cloud-init[931]: +---[RSA 2048]----+
[   83.692361] cloud-init[931]: |        .        |
[   83.692643] cloud-init[931]: |         o .  o  |
[   83.692737] cloud-init[931]: |     .    o o. o |
[   83.692830] cloud-init[931]: |    . o. + .o..  |
[   83.692922] cloud-init[931]: |   . ..=S.* .+   |
[   83.693213] cloud-init[931]: |    . ..=+.o= .  |
[   83.693306] cloud-init[931]: |   ..  . oo.o*   |
[   83.786167] cloud-init[931]: |. .oo o  o+=o..  |
[   83.881370] cloud-init[931]: |=E. .+  ..===+   |
[   83.908358] cloud-init[931]: +----[SHA256]-----+
[   83.934161] cloud-init[931]: Generating public/private dsa key pair.
[   83.940672] cloud-init[931]: Your identification has been saved in /etc/ssh/ssh_host_dsa_key.
[   83.946953] cloud-init[931]: Your public key has been saved in /etc/ssh/ssh_host_dsa_key.pub.
[   83.953294] cloud-init[931]: The key fingerprint is:
[   83.966606] cloud-init[931]: SHA256:H3K4GXQ+OB02FyFtTQFDiOyxRES4uaf4kP72jzm+qZ0 root@ubuntu-xenial
[   84.013276] cloud-init[931]: The key's randomart image is:
[   84.020607] cloud-init[931]: +---[DSA 1024]----+
[   84.101479] cloud-init[931]: |       *+..+*=o. |
[   84.120513] cloud-init[931]: |      . = ..oo.  |
[   84.133574] cloud-init[931]: |       =.o=..    |
[   84.133915] cloud-init[931]: |      o.oB +     |
[   84.134042] cloud-init[931]: |       .S *      |
[   84.134361] cloud-init[931]: |     .. .O o     |
[   84.134454] cloud-init[931]: |    o. oo .      |
[   84.134548] cloud-init[931]: |   ...o..=       |
[   84.134824] cloud-init[931]: |    .+++E+.      |
[   84.134923] cloud-init[931]: +----[SHA256]-----+
[   84.135015] cloud-init[931]: Generating public/private ecdsa key pair.
[   84.135289] cloud-init[931]: Your identification has been saved in /etc/ssh/ssh_host_ecdsa_key.
[   84.135387] cloud-init[931]: Your public key has been saved in /etc/ssh/ssh_host_ecdsa_key.pub.
[   84.135481] cloud-init[931]: The key fingerprint is:
[   84.135572] cloud-init[931]: SHA256:qnvB2LPv86QrYs1hebOTJVOfSI5qIjpRE+QC0kjxllM root@ubuntu-xenial
[   84.135850] cloud-init[931]: The key's randomart image is:
[   84.135941] cloud-init[931]: +---[ECDSA 256]---+
[   84.136034] cloud-init[931]: |+*o  E           |
[   84.136471] cloud-init[931]: |+.+ o            |
[   84.136565] cloud-init[931]: |. .*             |
[   84.136849] cloud-init[931]: | .+ .     o      |
[   84.136944] cloud-init[931]: | . . + .S= o .   |
[   84.137036] cloud-init[931]: |.   . O.* + o    |
[   84.137311] cloud-init[931]: | .   +.B B.      |
[   84.137405] cloud-init[931]: |. . +.O =o       |
[   84.137497] cloud-init[931]: |.o oo* +==.      |
[   84.137589] cloud-init[931]: +----[SHA256]-----+
[   84.137917] cloud-init[931]: Generating public/private ed25519 key pair.
[   84.150905] cloud-init[931]: Your identification has been saved in /etc/ssh/ssh_host_ed25519_key.
[   84.156526] cloud-init[931]: Your public key has been saved in /etc/ssh/ssh_host_ed25519_key.pub.
[   84.178269] cloud-init[931]: The key fingerprint is:
[   84.222721] cloud-init[931]: SHA256:VL/V8UMMOH5WY6NcNo/2+xkax3miLsCGjVBHsiGOLKg root@ubuntu-xenial
[   84.229260] cloud-init[931]: The key's randomart image is:
[   84.289999] cloud-init[931]: +--[ED25519 256]--+
[   84.290102] cloud-init[931]: |    . o.. . ..oo |
[   84.342503] cloud-init[931]: |.. o ..+.. +  .@o|
[   84.348486] cloud-init[931]: |o o ..... . + BoB|
[   84.370813] cloud-init[931]: |..  .  .   . Bo o|
[   84.370918] cloud-init[931]: |E    . =S   +. . |
[   84.377304] cloud-init[931]: |      o =     . o|
[   84.383478] cloud-init[931]: |       . .   ..=o|
[   84.396434] cloud-init[931]: |          .  .+o+|
[   84.423999] cloud-init[931]: |           oo. .o|
[   84.434858] cloud-init[931]: +----[SHA256]-----+
[0;32m  OK  [0m] Reached target System Initialization.
[[0;32m  OK  [0m] Started Daily Cleanup of Temporary Directories.
[[0;32m  OK  [0m] Listening on D-Bus System Message Bus Socket.
[[0;32m  OK  [0m] Listening on ACPID Listen Socket.
         Starting LXD - unix socket.
[[0;32m  OK  [0m] Listening on UUID daemon activation socket.
[[0;32m  OK  [0m] Started Daily apt download activities.
         Starting Socket activation for snappy daemon.
[[0;32m  OK  [0m] Started Daily apt upgrade and clean activities.
[[0;32m  OK  [0m] Reached target Timers.
[[0;32m  OK  [0m] Started ACPI Events Check.
[[0;32m  OK  [0m] Reached target Paths.
[[0;32m  OK  [0m] Reached target Cloud-config availability.
[[0;32m  OK  [0m] Listening on LXD - unix socket.
[[0;32m  OK  [0m] Listening on Socket activation for snappy daemon.
[[0;32m  OK  [0m] Started iSCSI initiator daemon (iscsid).
         Starting Login to default iSCSI targets...
[[0;32m  OK  [0m] Reached target Sockets.
[[0;32m  OK  [0m] Reached target Basic System.
         Starting Accounts Service...
         Starting Login Service...
[[0;32m  OK  [0m] Started Unattended Upgrades Shutdown.
[[0;32m  OK  [0m] Started D-Bus System Message Bus.
         Starting LXD - container startup/shutdown...
[[0;32m  OK  [0m] Started FUSE filesystem for LXC.
[[0;32m  OK  [0m] Started Deferred execution scheduler.
         Starting LSB: MD monitoring daemon...
         Starting System Logging Service...
         Starting /etc/rc.local Compatibility...
[[0;32m  OK  [0m] Started Regular background program processing daemon.
         Starting LSB: Record successful boot for GRUB...
         Starting Snappy daemon...
[[0;32m  OK  [0m] Started ACPI event daemon.
         Starting Virtualbox guest utils...
         Starting Pollinate to seed the pseudo random number generator...
[[0;32m  OK  [0m] Started System Logging Service.
[[0;32m  OK  [0m] Started LXD - container startup/shutdown.
[[0;32m  OK  [0m] Started /etc/rc.local Compatibility.
[[0;32m  OK  [0m] Started Login to default iSCSI targets.
[[0;32m  OK  [0m] Started Snappy daemon.
[[0;32m  OK  [0m] Started LSB: MD monitoring daemon.
[[0;32m  OK  [0m] Started LSB: Record successful boot for GRUB.
[[0;32m  OK  [0m] Started Login Service.
         Starting Authenticate and Authorize Users to Run Privileged Tasks...
         Starting Wait until snapd is fully seeded...
[[0;32m  OK  [0m] Reached target Remote File Systems (Pre).
[[0;32m  OK  [0m] Reached target Remote File Systems.
         Starting LSB: automatic crash report generation...
         Starting LSB: daemon to balance interrupts for SMP systems...
         Starting LSB: Set the CPU Frequency Scaling governor to "ondemand"...
         Starting Permit User Sessions...
[[0;32m  OK  [0m] Started Virtualbox guest utils.
[[0;32m  OK  [0m] Started Pollinate to seed the pseudo random number generator.
[[0;32m  OK  [0m] Started Permit User Sessions.
[[0;32m  OK  [0m] Started Authenticate and Authorize Users to Run Privileged Tasks.
[[0;32m  OK  [0m] Started Accounts Service.
[[0;32m  OK  [0m] Started LSB: automatic crash report generation.
[[0;32m  OK  [0m] Started LSB: daemon to balance interrupts for SMP systems.
[[0;32m  OK  [0m] Started LSB: Set the CPU Frequency Scaling governor to "ondemand".
         Starting Terminate Plymouth Boot Screen...
         Starting Hold until boot process finishes up...
         Starting OpenBSD Secure Shell server...
[[0;32m  OK  [0m] Started Terminate Plymouth Boot Screen.
[[0;32m  OK  [0m] Started Hold until boot process finishes up.
[[0;32m  OK  [0m] Started OpenBSD Secure Shell server.
[[0;32m  OK  [0m] Started Getty on tty1.
         Starting Set console scheme...
[[0;32m  OK  [0m] Started Serial Getty on ttyS0.
[[0;32m  OK  [0m] Reached target Login Prompts.
[[0;32m  OK  [0m] Started Set console scheme.
[[0;32m  OK  [0m] Created slice User Slice of vagrant.
         Starting User Manager for UID 1000...
[[0;32m  OK  [0m] Started Session 1 of user vagrant.
[[0;32m  OK  [0m] Started User Manager for UID 1000.

Ubuntu 16.04.5 LTS ubuntu-xenial ttyS0

ubuntu-xenial login: [  100.783689] cloud-init[1403]: Generating locales (this might take a while)...
[  106.302709] cloud-init[1403]:   en_US.UTF-8... done
[  106.341318] cloud-init[1403]: Generation complete.
[  107.780206] cloud-init[1403]: Cloud-init v. 18.3-9-g2e62cb8a-0ubuntu1~16.04.2 running 'modules:config' at Tue, 30 Oct 2018 00:14:57 +0000. Up 99.74 seconds.
ci-info: no authorized ssh keys fingerprints found for user ubuntu.
<14>Oct 30 00:15:07 ec2: 
<14>Oct 30 00:15:07 ec2: #############################################################
<14>Oct 30 00:15:07 ec2: -----BEGIN SSH HOST KEY FINGERPRINTS-----
<14>Oct 30 00:15:07 ec2: 1024 SHA256:H3K4GXQ+OB02FyFtTQFDiOyxRES4uaf4kP72jzm+qZ0 root@ubuntu-xenial (DSA)
<14>Oct 30 00:15:07 ec2: 256 SHA256:qnvB2LPv86QrYs1hebOTJVOfSI5qIjpRE+QC0kjxllM root@ubuntu-xenial (ECDSA)
<14>Oct 30 00:15:07 ec2: 256 SHA256:VL/V8UMMOH5WY6NcNo/2+xkax3miLsCGjVBHsiGOLKg root@ubuntu-xenial (ED25519)
<14>Oct 30 00:15:07 ec2: 2048 SHA256:eP8bylvARvA9Lux61yq8PTEnMTWrgjDo3Txqwkuqjp4 root@ubuntu-xenial (RSA)
<14>Oct 30 00:15:07 ec2: -----END SSH HOST KEY FINGERPRINTS-----
<14>Oct 30 00:15:07 ec2: #############################################################
-----BEGIN SSH HOST KEY KEYS-----
ecdsa-sha2-nistp256 AAAAE2VjZHNhLXNoYTItbmlzdHAyNTYAAAAIbmlzdHAyNTYAAABBBJKHy6lYRsn6wcX03h3yH6sZ3DTDvFkjwmztDI4U123W6ix2/j31NYxVN0liR9VshQsOOmg5YpCjith1lnbh8UE= root@ubuntu-xenial
ssh-ed25519 AAAAC3NzaC1lZDI1NTE5AAAAIAe49Meouy+L0bgOQBKCBYxVI2LsM6H8BpZtfB/DBXQC root@ubuntu-xenial
ssh-rsa AAAAB3NzaC1yc2EAAAADAQABAAABAQDmVVYZ0oHq+I5w9LHaFUVbXpxO9n94Vk1a16Yb+8p0j3Ug+Ji8+078EOo33eY8q6EWe6b+ZheHqOzeHleqSUfNOL3GQLRAVUx8P2+y0y2CBGiFP5ZrTHChEloXRoiAWhtK8dV0sNeZWbY9yvPAWDPuz4/KspxC/Ppxki7SxX4LiZ3xtWuaPxiPXokdmtIwwppXVmlxpLdMl23WwT9mbV1F3D3AN0jHCwd/pFG4xofZK6TclhhOzCAJvyT+Jg4Qui8DdPbhg1+RY3krRMer+SYOUJUuTMGhv8L3gES18BKfppnl66RILUivUeWCMTq9cnpg4AFldEDu0ek4DGM+sX/D root@ubuntu-xenial
-----END SSH HOST KEY KEYS-----
[  110.230855] cloud-init[1690]: Cloud-init v. 18.3-9-g2e62cb8a-0ubuntu1~16.04.2 running 'modules:final' at Tue, 30 Oct 2018 00:15:07 +0000. Up 109.24 seconds.
[  110.253864] cloud-init[1690]: ci-info: no authorized ssh keys fingerprints found for user ubuntu.
[  110.331659] cloud-init[1690]: Cloud-init v. 18.3-9-g2e62cb8a-0ubuntu1~16.04.2 finished at Tue, 30 Oct 2018 00:15:08 +0000. Datasource DataSourceNoCloud [seed=/dev/sdb][dsmode=net].  Up 110.19 seconds
